2025-04-13 23:42:53.485729 - Received CBT.V508.FILE876.PDS from FILE876.XMI 
2025-04-13 23:42:53.486968 - Found $$$#DATE.txt (text/plain) in CBT.V508.FILE876.PDS, moved to PDS/$$$#DATE
2025-04-13 23:42:53.487054 - Found $$NOTE01.txt (text/plain) in CBT.V508.FILE876.PDS, moved to PDS/$$NOTE01
2025-04-13 23:42:53.487505 - Found $ALGPDF.pdf (application/pdf) in CBT.V508.FILE876.PDS, moved to docs/$ALGPDF.pdf
2025-04-13 23:42:53.487597 - Found $PDSLOAD.jcl (text/plain) in CBT.V508.FILE876.PDS, moved to PDS/$PDSLOAD
2025-04-13 23:42:53.487668 - Found #PDSLOAD.bin (application/octet-stream) in CBT.V508.FILE876.PDS, moved to PDS/#PDSLOAD
2025-04-13 23:42:53.487744 - Found @FILE876.txt (text/plain) in CBT.V508.FILE876.PDS, moved to PDS/@FILE876
2025-04-13 23:42:53.488880 - Found ALGCMASM.txt (text/plain) in CBT.V508.FILE876.PDS, moved to PDS/ALGCMASM
2025-04-13 23:42:53.489125 - Found ALGCMCTL.txt (text/plain) in CBT.V508.FILE876.PDS, moved to PDS/ALGCMCTL
2025-04-13 23:42:53.489329 - Found ALGCMLOD.xmi (application/xmit) in CBT.V508.FILE876.PDS, moved to PDS/ALGCMLOD.xmi
2025-04-13 23:42:53.517138 - Received SBGOLOB.ALGOLFN.COMPILER.LOADLIB from ALGCMLOD.xmi 
2025-04-13 23:42:53.517918 - Found alias ALGOL to IEX00 in SBGOLOB.ALGOLFN.COMPILER.LOADLIB, moved to PDS/ALGOL
2025-04-13 23:42:53.518036 - Found IEX00.bin (application/octet-stream) in SBGOLOB.ALGOLFN.COMPILER.LOADLIB, moved to ALGCMLOD/IEX00
2025-04-13 23:42:53.518134 - Found IEX10.bin (application/octet-stream) in SBGOLOB.ALGOLFN.COMPILER.LOADLIB, moved to ALGCMLOD/IEX10
2025-04-13 23:42:53.518186 - Found alias IEX10000 to IEX10 in SBGOLOB.ALGOLFN.COMPILER.LOADLIB, moved to PDS/IEX10000
2025-04-13 23:42:53.518288 - Found IEX11.bin (application/octet-stream) in SBGOLOB.ALGOLFN.COMPILER.LOADLIB, moved to ALGCMLOD/IEX11
2025-04-13 23:42:53.518334 - Found alias IEX11000 to IEX11 in SBGOLOB.ALGOLFN.COMPILER.LOADLIB, moved to PDS/IEX11000
2025-04-13 23:42:53.518391 - Found IEX20.bin (application/octet-stream) in SBGOLOB.ALGOLFN.COMPILER.LOADLIB, moved to ALGCMLOD/IEX20
2025-04-13 23:42:53.518433 - Found alias IEX20000 to IEX20 in SBGOLOB.ALGOLFN.COMPILER.LOADLIB, moved to PDS/IEX20000
2025-04-13 23:42:53.518495 - Found IEX21.bin (application/octet-stream) in SBGOLOB.ALGOLFN.COMPILER.LOADLIB, moved to ALGCMLOD/IEX21
2025-04-13 23:42:53.518537 - Found alias IEX21000 to IEX21 in SBGOLOB.ALGOLFN.COMPILER.LOADLIB, moved to PDS/IEX21000
2025-04-13 23:42:53.518601 - Found IEX30.bin (application/octet-stream) in SBGOLOB.ALGOLFN.COMPILER.LOADLIB, moved to ALGCMLOD/IEX30
2025-04-13 23:42:53.518656 - Found alias IEX30000 to IEX30 in SBGOLOB.ALGOLFN.COMPILER.LOADLIB, moved to PDS/IEX30000
2025-04-13 23:42:53.518712 - Found IEX31.bin (application/octet-stream) in SBGOLOB.ALGOLFN.COMPILER.LOADLIB, moved to ALGCMLOD/IEX31
2025-04-13 23:42:53.518756 - Found alias IEX31000 to IEX31 in SBGOLOB.ALGOLFN.COMPILER.LOADLIB, moved to PDS/IEX31000
2025-04-13 23:42:53.518819 - Found IEX40.bin (application/octet-stream) in SBGOLOB.ALGOLFN.COMPILER.LOADLIB, moved to ALGCMLOD/IEX40
2025-04-13 23:42:53.518861 - Found alias IEX40000 to IEX40 in SBGOLOB.ALGOLFN.COMPILER.LOADLIB, moved to PDS/IEX40000
2025-04-13 23:42:53.518933 - Found IEX50.bin (application/octet-stream) in SBGOLOB.ALGOLFN.COMPILER.LOADLIB, moved to ALGCMLOD/IEX50
2025-04-13 23:42:53.518979 - Found alias IEX50000 to IEX50 in SBGOLOB.ALGOLFN.COMPILER.LOADLIB, moved to PDS/IEX50000
2025-04-13 23:42:53.519055 - Found IEX51.bin (application/octet-stream) in SBGOLOB.ALGOLFN.COMPILER.LOADLIB, moved to ALGCMLOD/IEX51
2025-04-13 23:42:53.519121 - Found alias IEX51ER1 to IEX51 in SBGOLOB.ALGOLFN.COMPILER.LOADLIB, moved to PDS/IEX51ER1
2025-04-13 23:42:53.519156 - Found alias IEX51ER2 to IEX51 in SBGOLOB.ALGOLFN.COMPILER.LOADLIB, moved to PDS/IEX51ER2
2025-04-13 23:42:53.519183 - Found alias IEX51000 to IEX51 in SBGOLOB.ALGOLFN.COMPILER.LOADLIB, moved to PDS/IEX51000
2025-04-13 23:42:53.519209 - Found alias IEX51002 to IEX51 in SBGOLOB.ALGOLFN.COMPILER.LOADLIB, moved to PDS/IEX51002
2025-04-13 23:42:53.519670 - Found ALGCMMAC.txt (text/plain) in CBT.V508.FILE876.PDS, moved to PDS/ALGCMMAC
2025-04-13 23:42:53.521812 - Found ALGOLAWS.bin (application/octet-stream) in CBT.V508.FILE876.PDS, moved to PDS/ALGOLAWS
2025-04-13 23:42:53.522170 - Found ALGRUASM.txt (text/plain) in CBT.V508.FILE876.PDS, moved to PDS/ALGRUASM
2025-04-13 23:42:53.522278 - Found ALGRULOD.xmi (application/xmit) in CBT.V508.FILE876.PDS, moved to PDS/ALGRULOD.xmi
2025-04-13 23:42:53.576356 - Received SBGOLOB.ALGOLFN.RUNTIME.LOADLIB from ALGRULOD.xmi 
2025-04-13 23:42:53.578511 - Found IHIERR.bin (application/octet-stream) in SBGOLOB.ALGOLFN.RUNTIME.LOADLIB, moved to ALGRULOD/IHIERR
2025-04-13 23:42:53.578594 - Found alias IHIERROR to IHIERR in SBGOLOB.ALGOLFN.RUNTIME.LOADLIB, moved to PDS/IHIERROR
2025-04-13 23:42:53.578671 - Found IHIFDD.bin (application/octet-stream) in SBGOLOB.ALGOLFN.RUNTIME.LOADLIB, moved to ALGRULOD/IHIFDD
2025-04-13 23:42:53.578738 - Found IHIFDI.bin (application/octet-stream) in SBGOLOB.ALGOLFN.RUNTIME.LOADLIB, moved to ALGRULOD/IHIFDI
2025-04-13 23:42:53.578806 - Found IHIFII.bin (application/octet-stream) in SBGOLOB.ALGOLFN.RUNTIME.LOADLIB, moved to ALGRULOD/IHIFII
2025-04-13 23:42:53.578872 - Found IHIFRI.bin (application/octet-stream) in SBGOLOB.ALGOLFN.RUNTIME.LOADLIB, moved to ALGRULOD/IHIFRI
2025-04-13 23:42:53.578960 - Found IHIFRR.bin (application/octet-stream) in SBGOLOB.ALGOLFN.RUNTIME.LOADLIB, moved to ALGRULOD/IHIFRR
2025-04-13 23:42:53.579061 - Found IHIFSA.bin (application/octet-stream) in SBGOLOB.ALGOLFN.RUNTIME.LOADLIB, moved to ALGRULOD/IHIFSA
2025-04-13 23:42:53.579117 - Found alias IHIFSAIN to IHIFSA in SBGOLOB.ALGOLFN.RUNTIME.LOADLIB, moved to PDS/IHIFSAIN
2025-04-13 23:42:53.579254 - Found IHIGPR.bin (application/octet-stream) in SBGOLOB.ALGOLFN.RUNTIME.LOADLIB, moved to ALGRULOD/IHIGPR
2025-04-13 23:42:53.579329 - Found alias IHIGPRCL to IHIGPR in SBGOLOB.ALGOLFN.RUNTIME.LOADLIB, moved to PDS/IHIGPRCL
2025-04-13 23:42:53.579371 - Found alias IHIGPRGT to IHIGPR in SBGOLOB.ALGOLFN.RUNTIME.LOADLIB, moved to PDS/IHIGPRGT
2025-04-13 23:42:53.579409 - Found alias IHIGPRPT to IHIGPR in SBGOLOB.ALGOLFN.RUNTIME.LOADLIB, moved to PDS/IHIGPRPT
2025-04-13 23:42:53.579589 - Found IHIIAR.bin (application/octet-stream) in SBGOLOB.ALGOLFN.RUNTIME.LOADLIB, moved to ALGRULOD/IHIIAR
2025-04-13 23:42:53.579674 - Found alias IHIIARRT to IHIIAR in SBGOLOB.ALGOLFN.RUNTIME.LOADLIB, moved to PDS/IHIIARRT
2025-04-13 23:42:53.579749 - Found alias IHIIARRY to IHIIAR in SBGOLOB.ALGOLFN.RUNTIME.LOADLIB, moved to PDS/IHIIARRY
2025-04-13 23:42:53.579850 - Found IHIIBA.bin (application/octet-stream) in SBGOLOB.ALGOLFN.RUNTIME.LOADLIB, moved to ALGRULOD/IHIIBA
2025-04-13 23:42:53.579912 - Found alias IHIIBARR to IHIIBA in SBGOLOB.ALGOLFN.RUNTIME.LOADLIB, moved to PDS/IHIIBARR
2025-04-13 23:42:53.579987 - Found IHIIBO.bin (application/octet-stream) in SBGOLOB.ALGOLFN.RUNTIME.LOADLIB, moved to ALGRULOD/IHIIBO
2025-04-13 23:42:53.580046 - Found alias IHIIBOAR to IHIIBO in SBGOLOB.ALGOLFN.RUNTIME.LOADLIB, moved to PDS/IHIIBOAR
2025-04-13 23:42:53.580101 - Found alias IHIIBOOL to IHIIBO in SBGOLOB.ALGOLFN.RUNTIME.LOADLIB, moved to PDS/IHIIBOOL
2025-04-13 23:42:53.580203 - Found IHIIDE.bin (application/octet-stream) in SBGOLOB.ALGOLFN.RUNTIME.LOADLIB, moved to ALGRULOD/IHIIDE
2025-04-13 23:42:53.580327 - Found alias IHIIDEAI to IHIIDE in SBGOLOB.ALGOLFN.RUNTIME.LOADLIB, moved to PDS/IHIIDEAI
2025-04-13 23:42:53.580414 - Found alias IHIIDEII to IHIIDE in SBGOLOB.ALGOLFN.RUNTIME.LOADLIB, moved to PDS/IHIIDEII
2025-04-13 23:42:53.580453 - Found alias IHIIDEIR to IHIIDE in SBGOLOB.ALGOLFN.RUNTIME.LOADLIB, moved to PDS/IHIIDEIR
2025-04-13 23:42:53.580533 - Found IHIIOR.bin (application/octet-stream) in SBGOLOB.ALGOLFN.RUNTIME.LOADLIB, moved to ALGRULOD/IHIIOR
2025-04-13 23:42:53.580590 - Found alias IHIIOREN to IHIIOR in SBGOLOB.ALGOLFN.RUNTIME.LOADLIB, moved to PDS/IHIIOREN
2025-04-13 23:42:53.580668 - Found alias IHIIOREV to IHIIOR in SBGOLOB.ALGOLFN.RUNTIME.LOADLIB, moved to PDS/IHIIOREV
2025-04-13 23:42:53.580742 - Found alias IHIIORNX to IHIIOR in SBGOLOB.ALGOLFN.RUNTIME.LOADLIB, moved to PDS/IHIIORNX
2025-04-13 23:42:53.580793 - Found alias IHIIOROP to IHIIOR in SBGOLOB.ALGOLFN.RUNTIME.LOADLIB, moved to PDS/IHIIOROP
2025-04-13 23:42:53.580888 - Found IHIISY.bin (application/octet-stream) in SBGOLOB.ALGOLFN.RUNTIME.LOADLIB, moved to ALGRULOD/IHIISY
2025-04-13 23:42:53.580969 - Found alias IHIISYMB to IHIISY in SBGOLOB.ALGOLFN.RUNTIME.LOADLIB, moved to PDS/IHIISYMB
2025-04-13 23:42:53.581057 - Found IHILAT.bin (application/octet-stream) in SBGOLOB.ALGOLFN.RUNTIME.LOADLIB, moved to ALGRULOD/IHILAT
2025-04-13 23:42:53.581136 - Found IHILEX.bin (application/octet-stream) in SBGOLOB.ALGOLFN.RUNTIME.LOADLIB, moved to ALGRULOD/IHILEX
2025-04-13 23:42:53.581215 - Found IHILLO.bin (application/octet-stream) in SBGOLOB.ALGOLFN.RUNTIME.LOADLIB, moved to ALGRULOD/IHILLO
2025-04-13 23:42:53.581347 - Found IHILOR.bin (application/octet-stream) in SBGOLOB.ALGOLFN.RUNTIME.LOADLIB, moved to ALGRULOD/IHILOR
2025-04-13 23:42:53.581427 - Found alias IHILORAR to IHILOR in SBGOLOB.ALGOLFN.RUNTIME.LOADLIB, moved to PDS/IHILORAR
2025-04-13 23:42:53.581471 - Found alias IHILOREL to IHILOR in SBGOLOB.ALGOLFN.RUNTIME.LOADLIB, moved to PDS/IHILOREL
2025-04-13 23:42:53.581550 - Found IHILSC.bin (application/octet-stream) in SBGOLOB.ALGOLFN.RUNTIME.LOADLIB, moved to ALGRULOD/IHILSC
2025-04-13 23:42:53.581617 - Found alias IHILSCC to IHILSC in SBGOLOB.ALGOLFN.RUNTIME.LOADLIB, moved to PDS/IHILSCC
2025-04-13 23:42:53.581649 - Found alias IHILSCS to IHILSC in SBGOLOB.ALGOLFN.RUNTIME.LOADLIB, moved to PDS/IHILSCS
2025-04-13 23:42:53.581716 - Found IHILSQ.bin (application/octet-stream) in SBGOLOB.ALGOLFN.RUNTIME.LOADLIB, moved to ALGRULOD/IHILSQ
2025-04-13 23:42:53.581778 - Found IHIOAR.bin (application/octet-stream) in SBGOLOB.ALGOLFN.RUNTIME.LOADLIB, moved to ALGRULOD/IHIOAR
2025-04-13 23:42:53.581867 - Found IHIOARRY.bin (application/octet-stream) in SBGOLOB.ALGOLFN.RUNTIME.LOADLIB, moved to ALGRULOD/IHIOARRY
2025-04-13 23:42:53.581944 - Found alias IHIOBARR to IHIOAR in SBGOLOB.ALGOLFN.RUNTIME.LOADLIB, moved to PDS/IHIOBARR
2025-04-13 23:42:53.582026 - Found IHIOBO.bin (application/octet-stream) in SBGOLOB.ALGOLFN.RUNTIME.LOADLIB, moved to ALGRULOD/IHIOBO
2025-04-13 23:42:53.582089 - Found alias IHIOBOAR to IHIOBO in SBGOLOB.ALGOLFN.RUNTIME.LOADLIB, moved to PDS/IHIOBOAR
2025-04-13 23:42:53.582161 - Found alias IHIOBOOL to IHIOBO in SBGOLOB.ALGOLFN.RUNTIME.LOADLIB, moved to PDS/IHIOBOOL
2025-04-13 23:42:53.582237 - Found IHIOIN.bin (application/octet-stream) in SBGOLOB.ALGOLFN.RUNTIME.LOADLIB, moved to ALGRULOD/IHIOIN
2025-04-13 23:42:53.582296 - Found alias IHIOINAR to IHIOIN in SBGOLOB.ALGOLFN.RUNTIME.LOADLIB, moved to PDS/IHIOINAR
2025-04-13 23:42:53.582338 - Found alias IHIOINTG to IHIOIN in SBGOLOB.ALGOLFN.RUNTIME.LOADLIB, moved to PDS/IHIOINTG
2025-04-13 23:42:53.582418 - Found IHIOST.bin (application/octet-stream) in SBGOLOB.ALGOLFN.RUNTIME.LOADLIB, moved to ALGRULOD/IHIOST
2025-04-13 23:42:53.582480 - Found alias IHIOSTRG to IHIOST in SBGOLOB.ALGOLFN.RUNTIME.LOADLIB, moved to PDS/IHIOSTRG
2025-04-13 23:42:53.582553 - Found IHIOSY.bin (application/octet-stream) in SBGOLOB.ALGOLFN.RUNTIME.LOADLIB, moved to ALGRULOD/IHIOSY
2025-04-13 23:42:53.582613 - Found alias IHIOSYMB to IHIOSY in SBGOLOB.ALGOLFN.RUNTIME.LOADLIB, moved to PDS/IHIOSYMB
2025-04-13 23:42:53.582685 - Found IHIOTA.bin (application/octet-stream) in SBGOLOB.ALGOLFN.RUNTIME.LOADLIB, moved to ALGRULOD/IHIOTA
2025-04-13 23:42:53.582746 - Found alias IHIOTARR to IHIOTA in SBGOLOB.ALGOLFN.RUNTIME.LOADLIB, moved to PDS/IHIOTARR
2025-04-13 23:42:53.582817 - Found IHIPTT.bin (application/octet-stream) in SBGOLOB.ALGOLFN.RUNTIME.LOADLIB, moved to ALGRULOD/IHIPTT
2025-04-13 23:42:53.582935 - Found alias IHIPTTAB to IHIPTT in SBGOLOB.ALGOLFN.RUNTIME.LOADLIB, moved to PDS/IHIPTTAB
2025-04-13 23:42:53.583133 - Found IHISAT.bin (application/octet-stream) in SBGOLOB.ALGOLFN.RUNTIME.LOADLIB, moved to ALGRULOD/IHISAT
2025-04-13 23:42:53.583266 - Found IHISEX.bin (application/octet-stream) in SBGOLOB.ALGOLFN.RUNTIME.LOADLIB, moved to ALGRULOD/IHISEX
2025-04-13 23:42:53.583401 - Found IHISLO.bin (application/octet-stream) in SBGOLOB.ALGOLFN.RUNTIME.LOADLIB, moved to ALGRULOD/IHISLO
2025-04-13 23:42:53.583484 - Found IHISOR.bin (application/octet-stream) in SBGOLOB.ALGOLFN.RUNTIME.LOADLIB, moved to ALGRULOD/IHISOR
2025-04-13 23:42:53.583572 - Found alias IHISORAR to IHISOR in SBGOLOB.ALGOLFN.RUNTIME.LOADLIB, moved to PDS/IHISORAR
2025-04-13 23:42:53.583621 - Found alias IHISOREL to IHISOR in SBGOLOB.ALGOLFN.RUNTIME.LOADLIB, moved to PDS/IHISOREL
2025-04-13 23:42:53.583700 - Found IHISSC.bin (application/octet-stream) in SBGOLOB.ALGOLFN.RUNTIME.LOADLIB, moved to ALGRULOD/IHISSC
2025-04-13 23:42:53.583762 - Found alias IHISSCC to IHISSC in SBGOLOB.ALGOLFN.RUNTIME.LOADLIB, moved to PDS/IHISSCC
2025-04-13 23:42:53.583859 - Found alias IHISSCS to IHISSC in SBGOLOB.ALGOLFN.RUNTIME.LOADLIB, moved to PDS/IHISSCS
2025-04-13 23:42:53.583979 - Found IHISSQ.bin (application/octet-stream) in SBGOLOB.ALGOLFN.RUNTIME.LOADLIB, moved to ALGRULOD/IHISSQ
2025-04-13 23:42:53.584084 - Found IHISYS.bin (application/octet-stream) in SBGOLOB.ALGOLFN.RUNTIME.LOADLIB, moved to ALGRULOD/IHISYS
2025-04-13 23:42:53.584197 - Found alias IHISYSCT to IHISYS in SBGOLOB.ALGOLFN.RUNTIME.LOADLIB, moved to PDS/IHISYSCT
2025-04-13 23:42:53.585341 - Found ALGRUMAC.txt (text/plain) in CBT.V508.FILE876.PDS, moved to PDS/ALGRUMAC
